C51 COMPILER V9.54   MAIN                                                                  07/17/2023 17:33:58 PAGE 1   


C51 COMPILER V9.54, COMPILATION OF MODULE MAIN
OBJECT MODULE PLACED IN .\Objects\main.obj
COMPILER INVOKED BY: C:\Users\22308\Desktop\keil\C51\BIN\C51.EXE main.c OPTIMIZE(8,SPEED) BROWSE DEBUG OBJECTEXTEND PRIN
                    -T(.\Listings\main.lst) TABS(2) OBJECT(.\Objects\main.obj)

line level    source

   1          #include <REGX52.H>
   2          #include"LCD1602.h"
   3          #include"DS1302.h"
   4          #include"MatrinKey.h"
   5          #include"Timer0_Init"
*** WARNING C318 IN LINE 5 OF main.c: can't open file 'Timer0_Init'
   6          unsigned char KeyNum,MODE,TimeSelect,TimeFlag;
   7          void Timer0_Routine() interrupt 1
   8          {
   9   1          static unsigned int count;
  10   1          TH0=64535/256;
  11   1          TL0=64535%256+1;
  12   1          count++;
  13   1          if(count>=500)
  14   1          {
  15   2              count=0;
  16   2              TimeFlag=!TimeFlag;
  17   2          }
  18   1      }
  19          void TimeShow()
  20          {
  21   1          DS1302_ReadTime();
  22   1          LCD_ShowNum(1,1,DS1302_Time[0],2);
  23   1          LCD_ShowNum(1,4,DS1302_Time[1],2);
  24   1          LCD_ShowNum(1,7,DS1302_Time[2],2);
  25   1          LCD_ShowNum(2,1,DS1302_Time[3],2);
  26   1          LCD_ShowNum(2,4,DS1302_Time[4],2);
  27   1          LCD_ShowNum(2,7,DS1302_Time[5],2);
  28   1      }
  29          
  30          void TimeSet()
  31          {
  32   1          if(KeyNum==2)
  33   1          {
  34   2              TimeSelect++;
  35   2              TimeSelect%=6;
  36   2          }
  37   1          if(KeyNum==3)
  38   1          {
  39   2              DS1302_Time[TimeSelect]++;
  40   2              if(DS1302_Time[0]>99)DS1302_Time[0]=0;
  41   2              if(DS1302_Time[1]>12)DS1302_Time[1]=1;
  42   2              if(DS1302_Time[2]>31)DS1302_Time[2]=1;
  43   2              if(DS1302_Time[3]>=24)DS1302_Time[3]=0;
  44   2              if(DS1302_Time[4]>=60)DS1302_Time[4]=0;
  45   2              if(DS1302_Time[5]>=60)DS1302_Time[5]=0;
  46   2          }
  47   1          if(KeyNum==4)
  48   1          {
  49   2              DS1302_Time[TimeSelect]--;
  50   2              if(DS1302_Time[0]<0)DS1302_Time[0]=99;
  51   2              if(DS1302_Time[1]<=0)DS1302_Time[1]=12;
  52   2              if(DS1302_Time[2]<=0)DS1302_Time[2]=31;
  53   2              if(DS1302_Time[3]<0)DS1302_Time[3]=23;
C51 COMPILER V9.54   MAIN                                                                  07/17/2023 17:33:58 PAGE 2   

  54   2              if(DS1302_Time[4]<0)DS1302_Time[4]=59;
  55   2              if(DS1302_Time[5]<0)DS1302_Time[5]=59;
  56   2          }
  57   1          if(TimeSelect==0&&TimeFlag==1)LCD_ShowString(1,1,"  ");
  58   1          else LCD_ShowNum(1,1,DS1302_Time[0],2);
  59   1          if(TimeSelect==1&&TimeFlag==1)LCD_ShowString(1,4,"  ");
  60   1          else LCD_ShowNum(1,4,DS1302_Time[1],2);
  61   1          if(TimeSelect==2&&TimeFlag==1)LCD_ShowString(1,7,"  ");
  62   1          else LCD_ShowNum(1,7,DS1302_Time[2],2);
  63   1          if(TimeSelect==3&&TimeFlag==1)LCD_ShowString(2,1,"  ");
  64   1          else LCD_ShowNum(2,1,DS1302_Time[3],2);
  65   1          if(TimeSelect==4&&TimeFlag==1)LCD_ShowString(2,4,"  ");
  66   1          else LCD_ShowNum(2,4,DS1302_Time[4],2);
  67   1          if(TimeSelect==5&&TimeFlag==1)LCD_ShowString(2,7,"  ");
  68   1          else LCD_ShowNum(2,7,DS1302_Time[5],2);
  69   1      }
  70          
  71          void main()
  72          {
  73   1          LCD_Init();
  74   1          Timer0_Init();
*** WARNING C206 IN LINE 74 OF main.c: 'Timer0_Init': missing function-prototype
  75   1          DS1302_Init();  
  76   1          while(1)
  77   1          {
  78   2            
  79   2              KeyNum=MatrinKey();
  80   2              if(KeyNum==1)
  81   2              {
  82   3                  if(MODE==0)
  83   3                    MODE=1;
  84   3                  else if(MODE==1)
  85   3                  {
  86   4                      DS1302_SetTime();
  87   4                      MODE=0;
  88   4                  }
  89   3              }
  90   2              if(MODE==0)
  91   2                TimeShow();
  92   2              else
  93   2                TimeSet();
  94   2          }
  95   1      }


MODULE INFORMATION:   STATIC OVERLAYABLE
   CODE SIZE        =    601    ----
   CONSTANT SIZE    =      3    ----
   XDATA SIZE       =   ----    ----
   PDATA SIZE       =   ----    ----
   DATA SIZE        =      6    ----
   IDATA SIZE       =   ----    ----
   BIT SIZE         =   ----    ----
END OF MODULE INFORMATION.


C51 COMPILATION COMPLETE.  2 WARNING(S),  0 ERROR(S)
