C51 COMPILER V9.54   TIMER0_INIT                                                           07/17/2023 15:54:21 PAGE 1   


C51 COMPILER V9.54, COMPILATION OF MODULE TIMER0_INIT
OBJECT MODULE PLACED IN .\Objects\Timer0_Init.obj
COMPILER INVOKED BY: C:\Users\22308\Desktop\keil\C51\BIN\C51.EXE Timer0_Init.c OPTIMIZE(8,SPEED) BROWSE DEBUG OBJECTEXTE
                    -ND PRINT(.\Listings\Timer0_Init.lst) TABS(2) OBJECT(.\Objects\Timer0_Init.obj)

line level    source

   1          #include <REGX52.H>
   2          
   3          /**
   4          * @brief 将定时器设定为1ms后触发中断
   5          */
   6          void Timer0_Init()
   7          {
   8   1          //TMOD=0x1;//0000 0001
   9   1          TMOD=TMOD&0xF0;//把TMOD的低4位清0，高四位不变
  10   1          TMOD=TMOD|0x01;//把TMOD的最低位置1，高四位不变
  11   1          TF0=0;//定时器溢出标志
  12   1          TR0=1;//允许定时器开始计数
  13   1          //将定时器初值赋为64535(65535-1000)这样在1000us后会触发第一次中断
  14   1          TH0=64535/256;
  15   1          TL0=64535%256+1;
  16   1        
  17   1          ET0=1;
  18   1          EA=1;
  19   1          PT0=0;
  20   1      }
  21          
  22          //定时器中断函数模板
  23          /*void Timer0_Routine() interrupt 1
  24          {
  25              static unsigned int count;
  26              TH0=64535/256;
  27              TL0=64535%256+1;
  28              count++;
  29              if(count>=1000)
  30              {
  31                  count=0;
  32              }
  33          }
  34          */


MODULE INFORMATION:   STATIC OVERLAYABLE
   CODE SIZE        =     23    ----
   CONSTANT SIZE    =   ----    ----
   XDATA SIZE       =   ----    ----
   PDATA SIZE       =   ----    ----
   DATA SIZE        =   ----    ----
   IDATA SIZE       =   ----    ----
   BIT SIZE         =   ----    ----
END OF MODULE INFORMATION.


C51 COMPILATION COMPLETE.  0 WARNING(S),  0 ERROR(S)
