C51 COMPILER V9.54   MAIN                                                                  07/16/2023 21:34:40 PAGE 1   


C51 COMPILER V9.54, COMPILATION OF MODULE MAIN
OBJECT MODULE PLACED IN .\Objects\main.obj
COMPILER INVOKED BY: C:\Users\22308\Desktop\keil\C51\BIN\C51.EXE main.c OPTIMIZE(8,SPEED) BROWSE DEBUG OBJECTEXTEND PRIN
                    -T(.\Listings\main.lst) TABS(2) OBJECT(.\Objects\main.obj)

line level    source

   1          #include <REGX52.H>
   2          #include"Delay.h"
   3          sbit RCK=P3^5;
   4          sbit SCK=P3^6;
   5          sbit SER=P3^4;
   6          void _74HC595_WriteByte(unsigned char Byte)
   7          {
   8   1          unsigned char i;
   9   1          for(i=0;i<8;i++)
  10   1          {
  11   2            SER=Byte&(0x80>>i);
  12   2            SCK=1;
  13   2            SCK=0;
  14   2          }
  15   1          RCK=1;
  16   1          RCK=0;
  17   1      }
  18          void MatrixLed_Column(unsigned char Column,unsigned char Data)
  19          {
  20   1          _74HC595_WriteByte(Data);
  21   1          P0=~(0x80>>Column);
  22   1          Delay(1);
  23   1          P0=0xFF;
  24   1      }
  25          void main()
  26          {
  27   1        SCK=0;
  28   1        RCK=0;
  29   1        while(1)
  30   1        {
  31   2          MatrixLed_Column(0,0x3C);
  32   2          MatrixLed_Column(1,0x42);
  33   2          MatrixLed_Column(2,0xA9);
  34   2          MatrixLed_Column(3,0x85);
  35   2          MatrixLed_Column(4,0x85);
  36   2          MatrixLed_Column(5,0xA9);
  37   2          MatrixLed_Column(6,0x42);
  38   2          MatrixLed_Column(7,0x3C);
  39   2        }
  40   1      }


MODULE INFORMATION:   STATIC OVERLAYABLE
   CODE SIZE        =    143    ----
   CONSTANT SIZE    =   ----    ----
   XDATA SIZE       =   ----    ----
   PDATA SIZE       =   ----    ----
   DATA SIZE        =   ----    ----
   IDATA SIZE       =   ----    ----
   BIT SIZE         =   ----    ----
END OF MODULE INFORMATION.


C51 COMPILATION COMPLETE.  0 WARNING(S),  0 ERROR(S)
