C51 COMPILER V9.54   MAIN                                                                  07/16/2023 15:30:10 PAGE 1   


C51 COMPILER V9.54, COMPILATION OF MODULE MAIN
OBJECT MODULE PLACED IN .\Objects\main.obj
COMPILER INVOKED BY: C:\Users\22308\Desktop\keil\C51\BIN\C51.EXE main.c OPTIMIZE(8,SPEED) BROWSE DEBUG OBJECTEXTEND PRIN
                    -T(.\Listings\main.lst) TABS(2) OBJECT(.\Objects\main.obj)

line level    source

   1          #include <REGX52.H>
   2          #include"Timer0_Init.h"
   3          #include"MatrinKey.h"
   4          #include"Delay.h" 
   5          #include<INTRINS.H>
   6          int LedMode;
   7          void Timer0_Routine() interrupt 1
   8          {
   9   1          static unsigned int count;
  10   1          TH0=64535/256;
  11   1          TL0=64535%256;
  12   1          count++;
  13   1          if(count>=500)
  14   1          {
  15   2              count=0;
  16   2              if(LedMode==0)
  17   2              {
  18   3                  P2=_crol_(P2,1);
  19   3              }
  20   2              else
  21   2              {
  22   3                  P2=_cror_(P2,1);
  23   3              }
  24   2          }
  25   1      }
  26          
  27          unsigned char KeyNum;
  28          void main()
  29          {
  30   1          Timer0_Init();
  31   1          P2=0xFE;
  32   1          while(1)
  33   1          {
  34   2              KeyNum=MatrinKey();
  35   2              if(KeyNum)
  36   2              {
  37   3                  if(KeyNum==1)
  38   3                  {
  39   4                      LedMode=!LedMode;
  40   4                  }
  41   3              }
  42   2          }
  43   1      }


MODULE INFORMATION:   STATIC OVERLAYABLE
   CODE SIZE        =    120    ----
   CONSTANT SIZE    =   ----    ----
   XDATA SIZE       =   ----    ----
   PDATA SIZE       =   ----    ----
   DATA SIZE        =      5    ----
   IDATA SIZE       =   ----    ----
   BIT SIZE         =   ----    ----
END OF MODULE INFORMATION.

C51 COMPILER V9.54   MAIN                                                                  07/16/2023 15:30:10 PAGE 2   


C51 COMPILATION COMPLETE.  0 WARNING(S),  0 ERROR(S)
