C51 COMPILER V9.54   BUZZER                                                                07/18/2023 22:20:51 PAGE 1   


C51 COMPILER V9.54, COMPILATION OF MODULE BUZZER
OBJECT MODULE PLACED IN .\Objects\Buzzer.obj
COMPILER INVOKED BY: C:\Users\22308\Desktop\keil\C51\BIN\C51.EXE Buzzer.c OPTIMIZE(8,SPEED) BROWSE DEBUG OBJECTEXTEND PR
                    -INT(.\Listings\Buzzer.lst) TABS(2) OBJECT(.\Objects\Buzzer.obj)

line level    source

   1          #include <REGX52.H>
   2          #include<INTRINS.H>
   3          
   4          sbit Buzzer_IO=P2^5;
   5          void Delay500us()   
   6          {
   7   1        unsigned char i;
   8   1      
   9   1        _nop_();
  10   1        i = 227;
  11   1        while (--i);
  12   1      }
  13          
  14          void Buzzer_Time(unsigned char Ms)
  15          {
  16   1          unsigned int i;
  17   1          for(i=0;i<Ms*2;i++)
  18   1          {
  19   2              Buzzer_IO=!Buzzer_IO;
  20   2              Delay500us();
  21   2          }
  22   1      }


MODULE INFORMATION:   STATIC OVERLAYABLE
   CODE SIZE        =     38    ----
   CONSTANT SIZE    =   ----    ----
   XDATA SIZE       =   ----    ----
   PDATA SIZE       =   ----    ----
   DATA SIZE        =   ----    ----
   IDATA SIZE       =   ----    ----
   BIT SIZE         =   ----    ----
END OF MODULE INFORMATION.


C51 COMPILATION COMPLETE.  0 WARNING(S),  0 ERROR(S)
