C51 COMPILER V9.54   MAIN                                                                  07/19/2023 11:31:33 PAGE 1   


C51 COMPILER V9.54, COMPILATION OF MODULE MAIN
OBJECT MODULE PLACED IN .\Objects\main.obj
COMPILER INVOKED BY: C:\Users\22308\Desktop\keil\C51\BIN\C51.EXE main.c OPTIMIZE(8,SPEED) BROWSE DEBUG OBJECTEXTEND PRIN
                    -T(.\Listings\main.lst) TABS(2) OBJECT(.\Objects\main.obj)

line level    source

   1          #include <REGX52.H>
   2          #include"Timer0_Init.h"
   3          #include"Delay.h"
   4          sbit Buzzer_IO=P2^5;
   5          unsigned int FreqTable[]={63625,63732,63833,63929,64019,64104,64185,64260,64332,64400
   6          ,64463,64524,64580,64634,64685,64732,64778,64820,64860,64898,64934,64968,65000,65030,
   7            65058,65085,65110,65134,65157,65178,65198,65217,65235,65252,65268,65283};
   8          unsigned int FreNum;
   9          unsigned int MusicSelect;
  10          unsigned int stable[]={23,3,23,3,21,2,23,3,23,3,21,2,
  11          23,3,23,3,21,2,23,4,23,4
  12          };
  13          void Timer0_Routine() interrupt 1
  14          {
  15   1          TH0=FreqTable[FreNum]/256;
  16   1          TL0=FreqTable[FreNum]%256;
  17   1          Buzzer_IO=!Buzzer_IO;
  18   1      }
  19          
  20          void main()
  21          {
  22   1          Timer0_Init();
  23   1          while(1)
  24   1          {
  25   2              FreNum=stable[MusicSelect];
  26   2              MusicSelect++;
  27   2              Delay(150*stable[MusicSelect]);
  28   2              MusicSelect++;
  29   2              TR0=0;
  30   2              Delay(5);
  31   2              TR0=1;
  32   2          }
  33   1      }


MODULE INFORMATION:   STATIC OVERLAYABLE
   CODE SIZE        =    115    ----
   CONSTANT SIZE    =   ----    ----
   XDATA SIZE       =   ----    ----
   PDATA SIZE       =   ----    ----
   DATA SIZE        =    120    ----
   IDATA SIZE       =   ----    ----
   BIT SIZE         =   ----    ----
END OF MODULE INFORMATION.


C51 COMPILATION COMPLETE.  0 WARNING(S),  0 ERROR(S)
