C51 COMPILER V9.54   MAIN                                                                  07/16/2023 22:30:36 PAGE 1   


C51 COMPILER V9.54, COMPILATION OF MODULE MAIN
OBJECT MODULE PLACED IN .\Objects\main.obj
COMPILER INVOKED BY: C:\Users\22308\Desktop\keil\C51\BIN\C51.EXE main.c OPTIMIZE(8,SPEED) BROWSE DEBUG OBJECTEXTEND PRIN
                    -T(.\Listings\main.lst) TABS(2) OBJECT(.\Objects\main.obj)

line level    source

   1          #include <REGX52.H>
   2          #include"Delay.h"
   3          #include"MatrixLed.h"
   4          unsigned char Data[24]={0xF2,0x92,0x92,0x9E,0x00,0x80,0x40,0x3E,0x40,0x80,0x00,0xF2,0x92,0x92,0x9E,0x00,
   5          0xF2,0x92,0x92,0x9E,0x00,0x00,0x00,0x00};
   6          void main()
   7          {
   8   1        unsigned char i,Offset=0,Num=0;
   9   1        MatrixLed_Init();
  10   1        while(1)
  11   1        {
  12   2          for(i=0;i<8;i++)
  13   2          {
  14   3              MatrixLed_Column(i,Data[i+Offset]);
  15   3          }
  16   2          Num++;
  17   2          if(Num>=10)
  18   2          {
  19   3              Num=0;
  20   3              Offset++;
  21   3            if(Offset>16)
  22   3            {
  23   4              Offset=0;
  24   4            }
  25   3          }
  26   2        }
  27   1      }


MODULE INFORMATION:   STATIC OVERLAYABLE
   CODE SIZE        =     60    ----
   CONSTANT SIZE    =   ----    ----
   XDATA SIZE       =   ----    ----
   PDATA SIZE       =   ----    ----
   DATA SIZE        =     24       3
   IDATA SIZE       =   ----    ----
   BIT SIZE         =   ----    ----
END OF MODULE INFORMATION.


C51 COMPILATION COMPLETE.  0 WARNING(S),  0 ERROR(S)
