C51 COMPILER V9.54   MATRIXLED                                                             07/16/2023 21:51:37 PAGE 1   


C51 COMPILER V9.54, COMPILATION OF MODULE MATRIXLED
OBJECT MODULE PLACED IN .\Objects\MatrixLed.obj
COMPILER INVOKED BY: C:\Users\22308\Desktop\keil\C51\BIN\C51.EXE MatrixLed.c OPTIMIZE(8,SPEED) BROWSE DEBUG OBJECTEXTEND
                    - PRINT(.\Listings\MatrixLed.lst) TABS(2) OBJECT(.\Objects\MatrixLed.obj)

line level    source

   1          #include <REGX52.H>
   2          #include"Delay.h"
   3          sbit RCK=P3^5;
   4          sbit SCK=P3^6;
   5          sbit SER=P3^4;
   6          
   7          /**
   8          * @brief 用74HC595来控制一个字节
   9          * @para Byte为要控制的一个字节
  10          */
  11          void _74HC595_WriteByte(unsigned char Byte)
  12          {
  13   1          unsigned char i;
  14   1          for(i=0;i<8;i++)
  15   1          {
  16   2            SER=Byte&(0x80>>i);
  17   2            SCK=1;
  18   2            SCK=0;
  19   2          }
  20   1          RCK=1;
  21   1          RCK=0;
  22   1      }
  23          
  24          /**
  25          * @brief 初始化
  26          * @para 
  27          */
  28          void MatrixLed_Init()
  29          {
  30   1        SCK=0;
  31   1        RCK=0;
  32   1      }
  33          /**
  34          * @brief 实现一列点阵的控制
  35          * @para Column为选中的列数，范围0~7
  36          * @para Data为该行的数据，用来表示亮灭情况,0xFF为全灭，0x00为全亮
  37          */
  38          void MatrixLed_Column(unsigned char Column,unsigned char Data)
  39          {
  40   1          _74HC595_WriteByte(Data);
  41   1          P0=~(0x80>>Column);
  42   1          Delay(1);
  43   1          P0=0xFF;
  44   1      }


MODULE INFORMATION:   STATIC OVERLAYABLE
   CODE SIZE        =     86    ----
   CONSTANT SIZE    =   ----    ----
   XDATA SIZE       =   ----    ----
   PDATA SIZE       =   ----    ----
   DATA SIZE        =   ----    ----
   IDATA SIZE       =   ----    ----
   BIT SIZE         =   ----    ----
C51 COMPILER V9.54   MATRIXLED                                                             07/16/2023 21:51:37 PAGE 2   

END OF MODULE INFORMATION.


C51 COMPILATION COMPLETE.  0 WARNING(S),  0 ERROR(S)
