C51 COMPILER V9.54   AT24C02                                                               07/22/2023 14:29:08 PAGE 1   


C51 COMPILER V9.54, COMPILATION OF MODULE AT24C02
OBJECT MODULE PLACED IN .\Objects\AT24C02.obj
COMPILER INVOKED BY: C:\Users\22308\Desktop\keil\C51\BIN\C51.EXE AT24C02.c OPTIMIZE(8,SPEED) BROWSE DEBUG OBJECTEXTEND P
                    -RINT(.\Listings\AT24C02.lst) TABS(2) OBJECT(.\Objects\AT24C02.obj)

line level    source

   1          #include <REGX52.H>
   2          #include"I2C.h"
   3          
   4          #define AT24C02_ADDRESS 0xA0
   5          
   6          /**
   7          *@breif AT24C02写入一个字节
   8          *@param WordAddress:要写入的地址 Data:要写入的字节
   9          */
  10          void AT24C02_WriteByte(unsigned char WordAddress,unsigned char Data)
  11          {
  12   1            I2C_Start();
  13   1            I2C_SendByte(AT24C02_ADDRESS);
  14   1            I2C_ReceiveACK();
  15   1            I2C_SendByte(WordAddress);
  16   1            I2C_ReceiveACK();
  17   1            I2C_SendByte(Data);
  18   1            I2C_ReceiveACK();
  19   1            I2C_Stop();
  20   1      }
  21          
  22          /**
  23          *@breif AT24C02读取一个字节
  24          *@param 要写入的地址
  25          *@revtal  读取的字节
  26          */
  27          unsigned char AT24C02_ReceiveByte(unsigned char WordAddress)
  28          {
  29   1            unsigned char Data;
  30   1            I2C_Start();
  31   1            I2C_SendByte(AT24C02_ADDRESS);
  32   1            I2C_ReceiveACK();
  33   1            I2C_SendByte(WordAddress);
  34   1            I2C_ReceiveACK();
  35   1            I2C_Start();
  36   1            I2C_SendByte(AT24C02_ADDRESS|0x01);
  37   1            I2C_ReceiveACK();
  38   1            Data=I2C_ReceiveByte();
  39   1            I2C_SendACK(1);
  40   1            I2C_Stop();
  41   1            return Data;
  42   1      }


MODULE INFORMATION:   STATIC OVERLAYABLE
   CODE SIZE        =     82    ----
   CONSTANT SIZE    =   ----    ----
   XDATA SIZE       =   ----    ----
   PDATA SIZE       =   ----    ----
   DATA SIZE        =   ----       4
   IDATA SIZE       =   ----    ----
   BIT SIZE         =   ----    ----
END OF MODULE INFORMATION.


C51 COMPILATION COMPLETE.  0 WARNING(S),  0 ERROR(S)
