C51 COMPILER V9.54   KEY                                                                   07/22/2023 17:50:57 PAGE 1   


C51 COMPILER V9.54, COMPILATION OF MODULE KEY
OBJECT MODULE PLACED IN .\Objects\Key.obj
COMPILER INVOKED BY: C:\Users\22308\Desktop\keil\C51\BIN\C51.EXE Key.c OPTIMIZE(8,SPEED) BROWSE DEBUG OBJECTEXTEND PRINT
                    -(.\Listings\Key.lst) TABS(2) OBJECT(.\Objects\Key.obj)

line level    source

   1          #include <REGX52.H>
   2          #include "Delay.h"
   3          
   4          unsigned char Key_KeyNumber;
   5          unsigned char Key_GetState()
   6          {
   7   1          unsigned char KeyNumber=0;
   8   1          if(P3_1==0){KeyNumber=1; }
   9   1          if(P3_0==0){KeyNumber=2; }
  10   1          if(P3_2==0){KeyNumber=3; }
  11   1          if(P3_3==0){KeyNumber=4; }
  12   1          return KeyNumber;
  13   1      }
  14          
  15          
  16          void KeyLoop()
  17          {
  18   1          static unsigned char NowState,LastState;
  19   1          LastState=NowState;
  20   1          NowState=Key_GetState();
  21   1          if(LastState==1&&NowState==0)Key_KeyNumber=1;
  22   1          if(LastState==2&&NowState==0)Key_KeyNumber=2;
  23   1          if(LastState==3&&NowState==0)Key_KeyNumber=3;
  24   1          if(LastState==4&&NowState==0)Key_KeyNumber=4;
  25   1      }
  26          
  27          unsigned char Key()
  28          {
  29   1          unsigned char temp=0;
  30   1          temp=Key_KeyNumber;
  31   1          Key_KeyNumber=0;
  32   1          return temp;
  33   1      }


MODULE INFORMATION:   STATIC OVERLAYABLE
   CODE SIZE        =     85    ----
   CONSTANT SIZE    =   ----    ----
   XDATA SIZE       =   ----    ----
   PDATA SIZE       =   ----    ----
   DATA SIZE        =      3    ----
   IDATA SIZE       =   ----    ----
   BIT SIZE         =   ----    ----
END OF MODULE INFORMATION.


C51 COMPILATION COMPLETE.  0 WARNING(S),  0 ERROR(S)
