C51 COMPILER V9.54   NIXIE                                                                 07/22/2023 16:32:09 PAGE 1   


C51 COMPILER V9.54, COMPILATION OF MODULE NIXIE
OBJECT MODULE PLACED IN .\Objects\Nixie.obj
COMPILER INVOKED BY: C:\Users\22308\Desktop\keil\C51\BIN\C51.EXE Nixie.c OPTIMIZE(8,SPEED) BROWSE DEBUG OBJECTEXTEND PRI
                    -NT(.\Listings\Nixie.lst) TABS(2) OBJECT(.\Objects\Nixie.obj)

line level    source

   1          #include <REGX52.H>
   2          #include"Delay.h"
   3          unsigned char table[10]={0x3F,0x06,0x5B,0x4F,0x66,0x6D,0x7D,0x07,0x7F,0x6F};
   4          unsigned char Nixie_Buf[9]={' ',' ',' ',' ',' ',' ',' ',' ',' '};
   5          /**
   6          * @brief 用数码管显示数字
   7          * @param Location 要显示的位置 Number要显示的数字
   8          */
   9          void Nixie(unsigned char Location,unsigned char Number)
  10          {
  11   1          P0=0x00;
  12   1          switch (Location)
  13   1          {
  14   2          case 1:
  15   2              P2_4=1;P2_3=1;P2_2=1;break;
  16   2          case 2:
  17   2              P2_4=1;P2_3=1;P2_2=0;break;    
  18   2          case 3:
  19   2              P2_4=1;P2_3=0;P2_2=1;break;
  20   2          case 4:
  21   2              P2_4=1;P2_3=0;P2_2=0;break;
  22   2          case 5:
  23   2              P2_4=0;P2_3=1;P2_2=1;break;
  24   2          case 6:
  25   2              P2_4=0;P2_3=1;P2_2=0;break;
  26   2          case 7:
  27   2              P2_4=0;P2_3=0;P2_2=1;break;
  28   2          case 8:
  29   2              P2_4=0;P2_3=0;P2_2=0;break;
  30   2          default:
  31   2              break;
  32   2          }
  33   1          P0=table[Number];
  34   1      }
  35          
  36          
  37          void NixieLoop()
  38          {
  39   1          static unsigned char i;
  40   1          Nixie(i,Nixie_Buf[i]);
  41   1          i++;
  42   1          if(i>8)i=1;
  43   1      }
  44          
  45          void Nixie_Show(unsigned char Location,unsigned char Number)
  46          {
  47   1          Nixie_Buf[Location]=Number;
  48   1      }


MODULE INFORMATION:   STATIC OVERLAYABLE
   CODE SIZE        =    134    ----
   CONSTANT SIZE    =   ----    ----
   XDATA SIZE       =   ----    ----
C51 COMPILER V9.54   NIXIE                                                                 07/22/2023 16:32:09 PAGE 2   

   PDATA SIZE       =   ----    ----
   DATA SIZE        =     20    ----
   IDATA SIZE       =   ----    ----
   BIT SIZE         =   ----    ----
END OF MODULE INFORMATION.


C51 COMPILATION COMPLETE.  0 WARNING(S),  0 ERROR(S)
