C51 COMPILER V9.54   AT24C02                                                               07/20/2023 23:19:51 PAGE 1   


C51 COMPILER V9.54, COMPILATION OF MODULE AT24C02
OBJECT MODULE PLACED IN .\Objects\AT24C02.obj
COMPILER INVOKED BY: C:\Users\22308\Desktop\keil\C51\BIN\C51.EXE AT24C02.c OPTIMIZE(8,SPEED) BROWSE DEBUG OBJECTEXTEND P
                    -RINT(.\Listings\AT24C02.lst) TABS(2) OBJECT(.\Objects\AT24C02.obj)

line level    source

   1          #include <REGX52.H>
   2          #include"I2C.h"
   3          
   4          #define AT24C02_ADDRESS 0xA0
   5          void AT24C02_WriteByte(unsigned char WordAddress,unsigned char Data)
   6          {
   7   1            I2C_Start();
   8   1            I2C_SendByte(AT24C02_ADDRESS);
   9   1            I2C_ReceiveACK();
  10   1            I2C_SendByte(WordAddress);
  11   1            I2C_ReceiveACK();
  12   1            I2C_SendByte(Data);
  13   1            I2C_ReceiveACK();
  14   1            I2C_Stop();
  15   1      }
  16          
  17          unsigned char AT24C02_ReceiveByte(unsigned char WordAddress)
  18          {
  19   1            unsigned char Data;
  20   1            I2C_Start();
  21   1            I2C_SendByte(AT24C02_ADDRESS);
  22   1            I2C_ReceiveACK();
  23   1            I2C_SendByte(WordAddress);
  24   1            I2C_ReceiveACK();
  25   1            I2C_Start();
  26   1            I2C_SendByte(AT24C02_ADDRESS|0x01);
  27   1            I2C_ReceiveACK();
  28   1            Data=I2C_ReceiveByte();
  29   1            I2C_SendACK(1);
  30   1            I2C_Stop();
  31   1            return Data;
  32   1      }


MODULE INFORMATION:   STATIC OVERLAYABLE
   CODE SIZE        =     82    ----
   CONSTANT SIZE    =   ----    ----
   XDATA SIZE       =   ----    ----
   PDATA SIZE       =   ----    ----
   DATA SIZE        =   ----       4
   IDATA SIZE       =   ----    ----
   BIT SIZE         =   ----    ----
END OF MODULE INFORMATION.


C51 COMPILATION COMPLETE.  0 WARNING(S),  0 ERROR(S)
