C51 COMPILER V9.54   MAIN                                                                  07/20/2023 23:21:57 PAGE 1   


C51 COMPILER V9.54, COMPILATION OF MODULE MAIN
OBJECT MODULE PLACED IN .\Objects\main.obj
COMPILER INVOKED BY: C:\Users\22308\Desktop\keil\C51\BIN\C51.EXE main.c OPTIMIZE(8,SPEED) BROWSE DEBUG OBJECTEXTEND PRIN
                    -T(.\Listings\main.lst) TABS(2) OBJECT(.\Objects\main.obj)

line level    source

   1          #include <REGX52.H>
   2          #include"LCD1602.h"
   3          #include"MatrinKey.h"
   4          #include"Delay.h"
   5          #include"AT24C02.h"
   6          unsigned char Data;
   7          void main()
   8          {
   9   1          LCD_Init();
  10   1          LCD_ShowString(1,1,"hello");
  11   1          AT24C02_WriteByte(1,66);
  12   1          Delay(5);
  13   1          Data=AT24C02_ReceiveByte(1);
  14   1          LCD_ShowNum(2,1,Data,4);
  15   1          while(1)
  16   1          {
  17   2              
  18   2          }
  19   1      }


MODULE INFORMATION:   STATIC OVERLAYABLE
   CODE SIZE        =     53    ----
   CONSTANT SIZE    =      6    ----
   XDATA SIZE       =   ----    ----
   PDATA SIZE       =   ----    ----
   DATA SIZE        =      1    ----
   IDATA SIZE       =   ----    ----
   BIT SIZE         =   ----    ----
END OF MODULE INFORMATION.


C51 COMPILATION COMPLETE.  0 WARNING(S),  0 ERROR(S)
